<?xml version="1.0" encoding="UTF-8"?>
<testng-results ignored="0" total="83" passed="83" failed="0" skipped="0">
  <reporter-output>
  </reporter-output>
  <suite started-at="2020-04-01T14:03:37Z" name="All Test Suite" finished-at="2020-04-01T14:03:37Z" duration-ms="0">
    <groups>
    </groups>
  </suite> <!-- All Test Suite -->
  <suite started-at="2020-04-01T14:03:36Z" name="All Test Suite (0)" finished-at="2020-04-01T14:03:37Z" duration-ms="427">
    <groups>
    </groups>
    <test started-at="2020-04-01T14:03:36Z" name="D:/IdeaWorkspace/TestNGDemo/test/homework/ch11_13/PersonTest.java" finished-at="2020-04-01T14:03:36Z" duration-ms="37">
      <class name="homework.ch11_13.PersonTest">
        <test-method signature="testGetName()[pri:0, instance:homework.ch11_13.PersonTest@59906517]" started-at="2020-04-01T14:03:36Z" name="testGetName" finished-at="2020-04-01T14:03:36Z" duration-ms="8" status="PASS">
          <reporter-output>
          </reporter-output>
        </test-method> <!-- testGetName -->
        <test-method signature="testSetName()[pri:0, instance:homework.ch11_13.PersonTest@59906517]" started-at="2020-04-01T14:03:36Z" name="testSetName" finished-at="2020-04-01T14:03:36Z" duration-ms="0" status="PASS">
          <reporter-output>
          </reporter-output>
        </test-method> <!-- testSetName -->
        <test-method signature="testGetAge()[pri:0, instance:homework.ch11_13.PersonTest@59906517]" started-at="2020-04-01T14:03:36Z" name="testGetAge" finished-at="2020-04-01T14:03:36Z" duration-ms="0" status="PASS">
          <reporter-output>
          </reporter-output>
        </test-method> <!-- testGetAge -->
        <test-method signature="testSetAge()[pri:0, instance:homework.ch11_13.PersonTest@59906517]" started-at="2020-04-01T14:03:36Z" name="testSetAge" finished-at="2020-04-01T14:03:36Z" duration-ms="1" status="PASS">
          <reporter-output>
          </reporter-output>
        </test-method> <!-- testSetAge -->
        <test-method signature="testTestToString()[pri:0, instance:homework.ch11_13.PersonTest@59906517]" started-at="2020-04-01T14:03:36Z" name="testTestToString" finished-at="2020-04-01T14:03:36Z" duration-ms="4" status="PASS">
          <reporter-output>
          </reporter-output>
        </test-method> <!-- testTestToString -->
        <test-method signature="testTestClone()[pri:0, instance:homework.ch11_13.PersonTest@59906517]" started-at="2020-04-01T14:03:36Z" name="testTestClone" finished-at="2020-04-01T14:03:36Z" duration-ms="0" status="PASS">
          <reporter-output>
          </reporter-output>
        </test-method> <!-- testTestClone -->
        <test-method signature="testTestEquals()[pri:0, instance:homework.ch11_13.PersonTest@59906517]" started-at="2020-04-01T14:03:36Z" name="testTestEquals" finished-at="2020-04-01T14:03:36Z" duration-ms="0" status="PASS">
          <reporter-output>
          </reporter-output>
        </test-method> <!-- testTestEquals -->
      </class> <!-- homework.ch11_13.PersonTest -->
    </test> <!-- D:/IdeaWorkspace/TestNGDemo/test/homework/ch11_13/PersonTest.java -->
    <test started-at="2020-04-01T14:03:36Z" name="D:/IdeaWorkspace/TestNGDemo/test/homework/ch11_13/StudentTest.java" finished-at="2020-04-01T14:03:36Z" duration-ms="44">
      <class name="homework.ch11_13.StudentTest">
        <test-method signature="testGetStudentId(homework.ch11_13.p3.Student, int)[pri:0, instance:homework.ch11_13.StudentTest@64f6106c]" started-at="2020-04-01T14:03:36Z" name="testGetStudentId" data-provider="studentDataProvider" finished-at="2020-04-01T14:03:36Z" duration-ms="0" status="PASS">
          <params>
            <param index="0">
              <value>
                <![CDATA[age:20name:aaaclass:CS1704department:CSstudentId:20170101]]>
              </value>
            </param>
            <param index="1">
              <value>
                <![CDATA[20170101]]>
              </value>
            </param>
          </params>
          <reporter-output>
          </reporter-output>
        </test-method> <!-- testGetStudentId -->
        <test-method signature="testSetStudentId(homework.ch11_13.p3.Student, int)[pri:0, instance:homework.ch11_13.StudentTest@64f6106c]" started-at="2020-04-01T14:03:36Z" name="testSetStudentId" data-provider="studentDataProvider" finished-at="2020-04-01T14:03:36Z" duration-ms="0" status="PASS">
          <params>
            <param index="0">
              <value>
                <![CDATA[age:0name:nullclass:nulldepartment:nullstudentId:20170102]]>
              </value>
            </param>
            <param index="1">
              <value>
                <![CDATA[20170102]]>
              </value>
            </param>
          </params>
          <reporter-output>
          </reporter-output>
        </test-method> <!-- testSetStudentId -->
        <test-method signature="testGetDepartment(homework.ch11_13.p3.Student, java.lang.String)[pri:0, instance:homework.ch11_13.StudentTest@64f6106c]" started-at="2020-04-01T14:03:36Z" name="testGetDepartment" data-provider="studentDataProvider" finished-at="2020-04-01T14:03:36Z" duration-ms="0" status="PASS">
          <params>
            <param index="0">
              <value>
                <![CDATA[age:20name:aaaclass:CS1704department:CSstudentId:20170101]]>
              </value>
            </param>
            <param index="1">
              <value>
                <![CDATA[CS]]>
              </value>
            </param>
          </params>
          <reporter-output>
          </reporter-output>
        </test-method> <!-- testGetDepartment -->
        <test-method signature="testGetClassNo(homework.ch11_13.p3.Student, java.lang.String)[pri:0, instance:homework.ch11_13.StudentTest@64f6106c]" started-at="2020-04-01T14:03:36Z" name="testGetClassNo" data-provider="studentDataProvider" finished-at="2020-04-01T14:03:36Z" duration-ms="0" status="PASS">
          <params>
            <param index="0">
              <value>
                <![CDATA[age:20name:aaaclass:CS1704department:CSstudentId:20170101]]>
              </value>
            </param>
            <param index="1">
              <value>
                <![CDATA[CS1704]]>
              </value>
            </param>
          </params>
          <reporter-output>
          </reporter-output>
        </test-method> <!-- testGetClassNo -->
        <test-method signature="testSetDepartment(homework.ch11_13.p3.Student, java.lang.String)[pri:0, instance:homework.ch11_13.StudentTest@64f6106c]" started-at="2020-04-01T14:03:36Z" name="testSetDepartment" data-provider="studentDataProvider" finished-at="2020-04-01T14:03:36Z" duration-ms="0" status="PASS">
          <params>
            <param index="0">
              <value>
                <![CDATA[age:0name:nullclass:nulldepartment:EEstudentId:0]]>
              </value>
            </param>
            <param index="1">
              <value>
                <![CDATA[EE]]>
              </value>
            </param>
          </params>
          <reporter-output>
          </reporter-output>
        </test-method> <!-- testSetDepartment -->
        <test-method signature="testSetClassNo(homework.ch11_13.p3.Student, java.lang.String)[pri:0, instance:homework.ch11_13.StudentTest@64f6106c]" started-at="2020-04-01T14:03:36Z" name="testSetClassNo" data-provider="studentDataProvider" finished-at="2020-04-01T14:03:36Z" duration-ms="0" status="PASS">
          <params>
            <param index="0">
              <value>
                <![CDATA[age:0name:nullclass:CS1704department:nullstudentId:0]]>
              </value>
            </param>
            <param index="1">
              <value>
                <![CDATA[CS1704]]>
              </value>
            </param>
          </params>
          <reporter-output>
          </reporter-output>
        </test-method> <!-- testSetClassNo -->
        <test-method signature="testTestToString(homework.ch11_13.p3.Student, [Ljava.lang.Object;)[pri:0, instance:homework.ch11_13.StudentTest@64f6106c]" started-at="2020-04-01T14:03:36Z" name="testTestToString" data-provider="studentDataProvider" finished-at="2020-04-01T14:03:36Z" duration-ms="16" status="PASS">
          <params>
            <param index="0">
              <value>
                <![CDATA[age:20name:aaaclass:CS1704department:CSstudentId:20170101]]>
              </value>
            </param>
            <param index="1">
              <value>
                <![CDATA[[Ljava.lang.Object;@475e586c]]>
              </value>
            </param>
          </params>
          <reporter-output>
          </reporter-output>
        </test-method> <!-- testTestToString -->
        <test-method signature="testTestEquals([Lhomework.ch11_13.p3.Student;, boolean)[pri:0, instance:homework.ch11_13.StudentTest@64f6106c]" started-at="2020-04-01T14:03:36Z" name="testTestEquals" data-provider="studentDataProvider" finished-at="2020-04-01T14:03:36Z" duration-ms="0" status="PASS">
          <params>
            <param index="0">
              <value>
                <![CDATA[[Lhomework.ch11_13.p3.Student;@6646153]]>
              </value>
            </param>
            <param index="1">
              <value>
                <![CDATA[false]]>
              </value>
            </param>
          </params>
          <reporter-output>
          </reporter-output>
        </test-method> <!-- testTestEquals -->
        <test-method signature="testTestEquals([Lhomework.ch11_13.p3.Student;, boolean)[pri:0, instance:homework.ch11_13.StudentTest@64f6106c]" started-at="2020-04-01T14:03:36Z" name="testTestEquals" data-provider="studentDataProvider" finished-at="2020-04-01T14:03:36Z" duration-ms="0" status="PASS">
          <params>
            <param index="0">
              <value>
                <![CDATA[[Lhomework.ch11_13.p3.Student;@3b938003]]>
              </value>
            </param>
            <param index="1">
              <value>
                <![CDATA[true]]>
              </value>
            </param>
          </params>
          <reporter-output>
          </reporter-output>
        </test-method> <!-- testTestEquals -->
        <test-method signature="testTestEquals([Lhomework.ch11_13.p3.Student;, boolean)[pri:0, instance:homework.ch11_13.StudentTest@64f6106c]" started-at="2020-04-01T14:03:36Z" name="testTestEquals" data-provider="studentDataProvider" finished-at="2020-04-01T14:03:36Z" duration-ms="0" status="PASS">
          <params>
            <param index="0">
              <value>
                <![CDATA[[Lhomework.ch11_13.p3.Student;@21507a04]]>
              </value>
            </param>
            <param index="1">
              <value>
                <![CDATA[false]]>
              </value>
            </param>
          </params>
          <reporter-output>
          </reporter-output>
        </test-method> <!-- testTestEquals -->
        <test-method signature="testTestEquals([Lhomework.ch11_13.p3.Student;, boolean)[pri:0, instance:homework.ch11_13.StudentTest@64f6106c]" started-at="2020-04-01T14:03:36Z" name="testTestEquals" data-provider="studentDataProvider" finished-at="2020-04-01T14:03:36Z" duration-ms="0" status="PASS">
          <params>
            <param index="0">
              <value>
                <![CDATA[[Lhomework.ch11_13.p3.Student;@78b1cc93]]>
              </value>
            </param>
            <param index="1">
              <value>
                <![CDATA[true]]>
              </value>
            </param>
          </params>
          <reporter-output>
          </reporter-output>
        </test-method> <!-- testTestEquals -->
        <test-method signature="testTestEquals([Lhomework.ch11_13.p3.Student;, boolean)[pri:0, instance:homework.ch11_13.StudentTest@64f6106c]" started-at="2020-04-01T14:03:36Z" name="testTestEquals" data-provider="studentDataProvider" finished-at="2020-04-01T14:03:36Z" duration-ms="0" status="PASS">
          <params>
            <param index="0">
              <value>
                <![CDATA[[Lhomework.ch11_13.p3.Student;@143640d5]]>
              </value>
            </param>
            <param index="1">
              <value>
                <![CDATA[false]]>
              </value>
            </param>
          </params>
          <reporter-output>
          </reporter-output>
        </test-method> <!-- testTestEquals -->
        <test-method signature="testTestEquals([Lhomework.ch11_13.p3.Student;, boolean)[pri:0, instance:homework.ch11_13.StudentTest@64f6106c]" started-at="2020-04-01T14:03:36Z" name="testTestEquals" data-provider="studentDataProvider" finished-at="2020-04-01T14:03:36Z" duration-ms="0" status="PASS">
          <params>
            <param index="0">
              <value>
                <![CDATA[[Lhomework.ch11_13.p3.Student;@6f3b5d16]]>
              </value>
            </param>
            <param index="1">
              <value>
                <![CDATA[false]]>
              </value>
            </param>
          </params>
          <reporter-output>
          </reporter-output>
        </test-method> <!-- testTestEquals -->
        <test-method signature="testTestEquals([Lhomework.ch11_13.p3.Student;, boolean)[pri:0, instance:homework.ch11_13.StudentTest@64f6106c]" started-at="2020-04-01T14:03:36Z" name="testTestEquals" data-provider="studentDataProvider" finished-at="2020-04-01T14:03:36Z" duration-ms="0" status="PASS">
          <params>
            <param index="0">
              <value>
                <![CDATA[[Lhomework.ch11_13.p3.Student;@6295d394]]>
              </value>
            </param>
            <param index="1">
              <value>
                <![CDATA[false]]>
              </value>
            </param>
          </params>
          <reporter-output>
          </reporter-output>
        </test-method> <!-- testTestEquals -->
        <test-method signature="testTestClone(homework.ch11_13.p3.Student, java.lang.Object)[pri:0, instance:homework.ch11_13.StudentTest@64f6106c]" started-at="2020-04-01T14:03:36Z" name="testTestClone" data-provider="studentDataProvider" finished-at="2020-04-01T14:03:36Z" duration-ms="0" status="PASS">
          <params>
            <param index="0">
              <value>
                <![CDATA[age:20name:aaaclass:CS1704department:CSstudentId:20170101]]>
              </value>
            </param>
            <param index="1">
              <value is-null="true"/>
            </param>
          </params>
          <reporter-output>
          </reporter-output>
        </test-method> <!-- testTestClone -->
      </class> <!-- homework.ch11_13.StudentTest -->
    </test> <!-- D:/IdeaWorkspace/TestNGDemo/test/homework/ch11_13/StudentTest.java -->
    <test started-at="2020-04-01T14:03:37Z" name="D:/IdeaWorkspace/TestNGDemo/test/homework/ch11_13/FacultyTest.java" finished-at="2020-04-01T14:03:37Z" duration-ms="6">
      <class name="homework.ch11_13.FacultyTest">
        <test-method signature="testGetFacultyId(homework.ch11_13.p3.Faculty, int)[pri:0, instance:homework.ch11_13.FacultyTest@7403c468]" started-at="2020-04-01T14:03:37Z" name="testGetFacultyId" data-provider="facultyDataProvider" finished-at="2020-04-01T14:03:37Z" duration-ms="0" status="PASS">
          <params>
            <param index="0">
              <value>
                <![CDATA[age:20name:aaaemail:abc@qq.comtitle:Professorfacultyid:1998000111]]>
              </value>
            </param>
            <param index="1">
              <value>
                <![CDATA[1998000111]]>
              </value>
            </param>
          </params>
          <reporter-output>
          </reporter-output>
        </test-method> <!-- testGetFacultyId -->
        <test-method signature="testSetFacultyId(homework.ch11_13.p3.Faculty, int)[pri:0, instance:homework.ch11_13.FacultyTest@7403c468]" started-at="2020-04-01T14:03:37Z" name="testSetFacultyId" data-provider="facultyDataProvider" finished-at="2020-04-01T14:03:37Z" duration-ms="0" status="PASS">
          <params>
            <param index="0">
              <value>
                <![CDATA[age:0name:nullemail:nulltitle:nullfacultyid:1998000112]]>
              </value>
            </param>
            <param index="1">
              <value>
                <![CDATA[1998000112]]>
              </value>
            </param>
          </params>
          <reporter-output>
          </reporter-output>
        </test-method> <!-- testSetFacultyId -->
        <test-method signature="testSetTitle(homework.ch11_13.p3.Faculty, java.lang.String)[pri:0, instance:homework.ch11_13.FacultyTest@7403c468]" started-at="2020-04-01T14:03:37Z" name="testSetTitle" data-provider="facultyDataProvider" finished-at="2020-04-01T14:03:37Z" duration-ms="0" status="PASS">
          <params>
            <param index="0">
              <value>
                <![CDATA[age:0name:nullemail:nulltitle:Lecturerfacultyid:0]]>
              </value>
            </param>
            <param index="1">
              <value>
                <![CDATA[Lecturer]]>
              </value>
            </param>
          </params>
          <reporter-output>
          </reporter-output>
        </test-method> <!-- testSetTitle -->
        <test-method signature="testGetTitle(homework.ch11_13.p3.Faculty, java.lang.String)[pri:0, instance:homework.ch11_13.FacultyTest@7403c468]" started-at="2020-04-01T14:03:37Z" name="testGetTitle" data-provider="facultyDataProvider" finished-at="2020-04-01T14:03:37Z" duration-ms="0" status="PASS">
          <params>
            <param index="0">
              <value>
                <![CDATA[age:20name:aaaemail:abc@qq.comtitle:Professorfacultyid:1998000111]]>
              </value>
            </param>
            <param index="1">
              <value>
                <![CDATA[Professor]]>
              </value>
            </param>
          </params>
          <reporter-output>
          </reporter-output>
        </test-method> <!-- testGetTitle -->
        <test-method signature="testTestToString(homework.ch11_13.p3.Faculty, [Ljava.lang.Object;)[pri:0, instance:homework.ch11_13.FacultyTest@7403c468]" started-at="2020-04-01T14:03:37Z" name="testTestToString" data-provider="facultyDataProvider" finished-at="2020-04-01T14:03:37Z" duration-ms="1" status="PASS">
          <params>
            <param index="0">
              <value>
                <![CDATA[age:20name:aaaemail:abc@qq.comtitle:Professorfacultyid:1998000111]]>
              </value>
            </param>
            <param index="1">
              <value>
                <![CDATA[[Ljava.lang.Object;@3745e5c6]]>
              </value>
            </param>
          </params>
          <reporter-output>
          </reporter-output>
        </test-method> <!-- testTestToString -->
        <test-method signature="testGetEmail(homework.ch11_13.p3.Faculty, java.lang.String)[pri:0, instance:homework.ch11_13.FacultyTest@7403c468]" started-at="2020-04-01T14:03:37Z" name="testGetEmail" data-provider="facultyDataProvider" finished-at="2020-04-01T14:03:37Z" duration-ms="0" status="PASS">
          <params>
            <param index="0">
              <value>
                <![CDATA[age:20name:aaaemail:abc@qq.comtitle:Professorfacultyid:1998000111]]>
              </value>
            </param>
            <param index="1">
              <value>
                <![CDATA[abc@qq.com]]>
              </value>
            </param>
          </params>
          <reporter-output>
          </reporter-output>
        </test-method> <!-- testGetEmail -->
        <test-method signature="testSetEmail(homework.ch11_13.p3.Faculty, java.lang.String)[pri:0, instance:homework.ch11_13.FacultyTest@7403c468]" started-at="2020-04-01T14:03:37Z" name="testSetEmail" data-provider="facultyDataProvider" finished-at="2020-04-01T14:03:37Z" duration-ms="0" status="PASS">
          <params>
            <param index="0">
              <value>
                <![CDATA[age:0name:nullemail:123@qq.comtitle:nullfacultyid:0]]>
              </value>
            </param>
            <param index="1">
              <value>
                <![CDATA[123@qq.com]]>
              </value>
            </param>
          </params>
          <reporter-output>
          </reporter-output>
        </test-method> <!-- testSetEmail -->
        <test-method signature="testTestEquals([Lhomework.ch11_13.p3.Faculty;, boolean)[pri:0, instance:homework.ch11_13.FacultyTest@7403c468]" started-at="2020-04-01T14:03:37Z" name="testTestEquals" data-provider="facultyDataProvider" finished-at="2020-04-01T14:03:37Z" duration-ms="0" status="PASS">
          <params>
            <param index="0">
              <value>
                <![CDATA[[Lhomework.ch11_13.p3.Faculty;@7c417213]]>
              </value>
            </param>
            <param index="1">
              <value>
                <![CDATA[false]]>
              </value>
            </param>
          </params>
          <reporter-output>
          </reporter-output>
        </test-method> <!-- testTestEquals -->
        <test-method signature="testTestEquals([Lhomework.ch11_13.p3.Faculty;, boolean)[pri:0, instance:homework.ch11_13.FacultyTest@7403c468]" started-at="2020-04-01T14:03:37Z" name="testTestEquals" data-provider="facultyDataProvider" finished-at="2020-04-01T14:03:37Z" duration-ms="0" status="PASS">
          <params>
            <param index="0">
              <value>
                <![CDATA[[Lhomework.ch11_13.p3.Faculty;@6107227e]]>
              </value>
            </param>
            <param index="1">
              <value>
                <![CDATA[true]]>
              </value>
            </param>
          </params>
          <reporter-output>
          </reporter-output>
        </test-method> <!-- testTestEquals -->
        <test-method signature="testTestEquals([Lhomework.ch11_13.p3.Faculty;, boolean)[pri:0, instance:homework.ch11_13.FacultyTest@7403c468]" started-at="2020-04-01T14:03:37Z" name="testTestEquals" data-provider="facultyDataProvider" finished-at="2020-04-01T14:03:37Z" duration-ms="0" status="PASS">
          <params>
            <param index="0">
              <value>
                <![CDATA[[Lhomework.ch11_13.p3.Faculty;@15761df8]]>
              </value>
            </param>
            <param index="1">
              <value>
                <![CDATA[true]]>
              </value>
            </param>
          </params>
          <reporter-output>
          </reporter-output>
        </test-method> <!-- testTestEquals -->
        <test-method signature="testTestEquals([Lhomework.ch11_13.p3.Faculty;, boolean)[pri:0, instance:homework.ch11_13.FacultyTest@7403c468]" started-at="2020-04-01T14:03:37Z" name="testTestEquals" data-provider="facultyDataProvider" finished-at="2020-04-01T14:03:37Z" duration-ms="0" status="PASS">
          <params>
            <param index="0">
              <value>
                <![CDATA[[Lhomework.ch11_13.p3.Faculty;@327b636c]]>
              </value>
            </param>
            <param index="1">
              <value>
                <![CDATA[false]]>
              </value>
            </param>
          </params>
          <reporter-output>
          </reporter-output>
        </test-method> <!-- testTestEquals -->
        <test-method signature="testTestEquals([Lhomework.ch11_13.p3.Faculty;, boolean)[pri:0, instance:homework.ch11_13.FacultyTest@7403c468]" started-at="2020-04-01T14:03:37Z" name="testTestEquals" data-provider="facultyDataProvider" finished-at="2020-04-01T14:03:37Z" duration-ms="0" status="PASS">
          <params>
            <param index="0">
              <value>
                <![CDATA[[Lhomework.ch11_13.p3.Faculty;@6ab7a896]]>
              </value>
            </param>
            <param index="1">
              <value>
                <![CDATA[false]]>
              </value>
            </param>
          </params>
          <reporter-output>
          </reporter-output>
        </test-method> <!-- testTestEquals -->
        <test-method signature="testTestClone(homework.ch11_13.p3.Faculty, java.lang.Object)[pri:0, instance:homework.ch11_13.FacultyTest@7403c468]" started-at="2020-04-01T14:03:37Z" name="testTestClone" data-provider="facultyDataProvider" finished-at="2020-04-01T14:03:37Z" duration-ms="0" status="PASS">
          <params>
            <param index="0">
              <value>
                <![CDATA[age:20name:aaaemail:abc@qq.comtitle:Professorfacultyid:1998000111]]>
              </value>
            </param>
            <param index="1">
              <value is-null="true"/>
            </param>
          </params>
          <reporter-output>
          </reporter-output>
        </test-method> <!-- testTestClone -->
        <test-method signature="testTestEquals([Lhomework.ch11_13.p3.Faculty;, boolean)[pri:0, instance:homework.ch11_13.FacultyTest@7403c468]" started-at="2020-04-01T14:03:37Z" name="testTestEquals" data-provider="facultyDataProvider" finished-at="2020-04-01T14:03:37Z" duration-ms="0" status="PASS">
          <params>
            <param index="0">
              <value>
                <![CDATA[[Lhomework.ch11_13.p3.Faculty;@60611244]]>
              </value>
            </param>
            <param index="1">
              <value>
                <![CDATA[false]]>
              </value>
            </param>
          </params>
          <reporter-output>
          </reporter-output>
        </test-method> <!-- testTestEquals -->
        <test-method signature="testTestEquals([Lhomework.ch11_13.p3.Faculty;, boolean)[pri:0, instance:homework.ch11_13.FacultyTest@7403c468]" started-at="2020-04-01T14:03:37Z" name="testTestEquals" data-provider="facultyDataProvider" finished-at="2020-04-01T14:03:37Z" duration-ms="0" status="PASS">
          <params>
            <param index="0">
              <value>
                <![CDATA[[Lhomework.ch11_13.p3.Faculty;@45dd4eda]]>
              </value>
            </param>
            <param index="1">
              <value>
                <![CDATA[false]]>
              </value>
            </param>
          </params>
          <reporter-output>
          </reporter-output>
        </test-method> <!-- testTestEquals -->
      </class> <!-- homework.ch11_13.FacultyTest -->
    </test> <!-- D:/IdeaWorkspace/TestNGDemo/test/homework/ch11_13/FacultyTest.java -->
    <test started-at="2020-04-01T14:03:37Z" name="D:/IdeaWorkspace/TestNGDemo/test/homework/ch11_13/CourseTest.java" finished-at="2020-04-01T14:03:37Z" duration-ms="199">
      <class name="homework.ch11_13.CourseTest">
        <test-method signature="testRegister(homework.ch11_13.p3.Course, [Lhomework.ch11_13.p3.Person;)[pri:0, instance:homework.ch11_13.CourseTest@4fb64261]" started-at="2020-04-01T14:03:37Z" name="testRegister" data-provider="courseDataProvider" finished-at="2020-04-01T14:03:37Z" duration-ms="8" status="PASS">
          <params>
            <param index="0">
              <value>
                <![CDATA[courseName:Java Language Programming teacher:age:65name:James Goslingemail:http://nighthacks.com/jag/bio/index.htmltitle:Professorfacultyid:0student: studentnumber:0]]>
              </value>
            </param>
            <param index="1">
              <value>
                <![CDATA[[Lhomework.ch11_13.p3.Person;@4387b79e]]>
              </value>
            </param>
          </params>
          <reporter-output>
          </reporter-output>
        </test-method> <!-- testRegister -->
        <test-method signature="testGetCourseName(homework.ch11_13.p3.Course, java.lang.String)[pri:0, instance:homework.ch11_13.CourseTest@4fb64261]" started-at="2020-04-01T14:03:37Z" name="testGetCourseName" data-provider="courseDataProvider" finished-at="2020-04-01T14:03:37Z" duration-ms="1" status="PASS">
          <params>
            <param index="0">
              <value>
                <![CDATA[courseName:Java Language Programming teacher:age:65name:James Goslingemail:http://nighthacks.com/jag/bio/index.htmltitle:Professorfacultyid:0student: studentnumber:0]]>
              </value>
            </param>
            <param index="1">
              <value>
                <![CDATA[Java Language Programming]]>
              </value>
            </param>
          </params>
          <reporter-output>
          </reporter-output>
        </test-method> <!-- testGetCourseName -->
        <test-method signature="testGetStudents(homework.ch11_13.p3.Course, [Lhomework.ch11_13.p3.Person;)[pri:0, instance:homework.ch11_13.CourseTest@4fb64261]" started-at="2020-04-01T14:03:37Z" name="testGetStudents" data-provider="courseDataProvider" finished-at="2020-04-01T14:03:37Z" duration-ms="0" status="PASS">
          <params>
            <param index="0">
              <value>
                <![CDATA[courseName:Java Language Programming teacher:age:65name:James Goslingemail:http://nighthacks.com/jag/bio/index.htmltitle:Professorfacultyid:0student:age:20name:aaaclass:CS1704department:CSstudentId:20170101age:20name:bbbclass:CS1705department:CSstudentId:20170102age:20name:cccclass:CS1706department:CSstudentId:20170103 studentnumber:3]]>
              </value>
            </param>
            <param index="1">
              <value>
                <![CDATA[[Lhomework.ch11_13.p3.Person;@4f638935]]>
              </value>
            </param>
          </params>
          <reporter-output>
          </reporter-output>
        </test-method> <!-- testGetStudents -->
        <test-method signature="testGetTeacher(homework.ch11_13.p3.Course, homework.ch11_13.p3.Person)[pri:0, instance:homework.ch11_13.CourseTest@4fb64261]" started-at="2020-04-01T14:03:37Z" name="testGetTeacher" data-provider="courseDataProvider" finished-at="2020-04-01T14:03:37Z" duration-ms="0" status="PASS">
          <params>
            <param index="0">
              <value>
                <![CDATA[courseName:Java Language Programming teacher:age:65name:James Goslingemail:http://nighthacks.com/jag/bio/index.htmltitle:Professorfacultyid:0student: studentnumber:0]]>
              </value>
            </param>
            <param index="1">
              <value>
                <![CDATA[age:65name:James Goslingemail:http://nighthacks.com/jag/bio/index.htmltitle:Professorfacultyid:0]]>
              </value>
            </param>
          </params>
          <reporter-output>
          </reporter-output>
        </test-method> <!-- testGetTeacher -->
        <test-method signature="testUnregister(homework.ch11_13.p3.Course, [Lhomework.ch11_13.p3.Person;)[pri:0, instance:homework.ch11_13.CourseTest@4fb64261]" started-at="2020-04-01T14:03:37Z" name="testUnregister" data-provider="courseDataProvider" finished-at="2020-04-01T14:03:37Z" duration-ms="10" status="PASS">
          <params>
            <param index="0">
              <value>
                <![CDATA[courseName:Java Language Programming teacher:age:65name:James Goslingemail:http://nighthacks.com/jag/bio/index.htmltitle:Professorfacultyid:0student:age:20name:aaaclass:CS1704department:CSstudentId:20170101age:20name:bbbclass:CS1705department:CSstudentId:20170102age:20name:cccclass:CS1706department:CSstudentId:20170103 studentnumber:3]]>
              </value>
            </param>
            <param index="1">
              <value>
                <![CDATA[[Lhomework.ch11_13.p3.Person;@2aa3cd93]]>
              </value>
            </param>
          </params>
          <reporter-output>
          </reporter-output>
        </test-method> <!-- testUnregister -->
        <test-method signature="testGetNumberOfStudent(homework.ch11_13.p3.Course, int)[pri:0, instance:homework.ch11_13.CourseTest@4fb64261]" started-at="2020-04-01T14:03:37Z" name="testGetNumberOfStudent" data-provider="courseDataProvider" finished-at="2020-04-01T14:03:37Z" duration-ms="1" status="PASS">
          <params>
            <param index="0">
              <value>
                <![CDATA[courseName:Java Language Programming teacher:age:65name:James Goslingemail:http://nighthacks.com/jag/bio/index.htmltitle:Professorfacultyid:0student:age:20name:aaaclass:CS1704department:CSstudentId:20170101age:20name:bbbclass:CS1705department:CSstudentId:20170102age:20name:cccclass:CS1706department:CSstudentId:20170103 studentnumber:3]]>
              </value>
            </param>
            <param index="1">
              <value>
                <![CDATA[3]]>
              </value>
            </param>
          </params>
          <reporter-output>
          </reporter-output>
        </test-method> <!-- testGetNumberOfStudent -->
        <test-method signature="testTestClone(homework.ch11_13.p3.Course, java.lang.Object)[pri:0, instance:homework.ch11_13.CourseTest@4fb64261]" started-at="2020-04-01T14:03:37Z" name="testTestClone" data-provider="courseDataProvider" finished-at="2020-04-01T14:03:37Z" duration-ms="0" status="PASS">
          <params>
            <param index="0">
              <value>
                <![CDATA[courseName:Java Language Programming teacher:age:65name:James Goslingemail:http://nighthacks.com/jag/bio/index.htmltitle:Professorfacultyid:0student:age:20name:aaaclass:CS1704department:CSstudentId:20170101age:20name:bbbclass:CS1705department:CSstudentId:20170102age:20name:cccclass:CS1706department:CSstudentId:20170103 studentnumber:3]]>
              </value>
            </param>
            <param index="1">
              <value is-null="true"/>
            </param>
          </params>
          <reporter-output>
          </reporter-output>
        </test-method> <!-- testTestClone -->
        <test-method signature="testTestToString(homework.ch11_13.p3.Course, [Ljava.lang.String;)[pri:0, instance:homework.ch11_13.CourseTest@4fb64261]" started-at="2020-04-01T14:03:37Z" name="testTestToString" data-provider="courseDataProvider" finished-at="2020-04-01T14:03:37Z" duration-ms="0" status="PASS">
          <params>
            <param index="0">
              <value>
                <![CDATA[courseName:C++ Language Programming teacher:age:40name:T1email:123@qq.comtitle:Professorfacultyid:1student:age:21name:cccclass:CS1705department:CS1studentId:20170103age:22name:dddclass:CS1706department:CS2studentId:20170104 studentnumber:2]]>
              </value>
            </param>
            <param index="1">
              <value>
                <![CDATA[[Ljava.lang.String;@add0edd]]>
              </value>
            </param>
          </params>
          <reporter-output>
          </reporter-output>
        </test-method> <!-- testTestToString -->
        <test-method signature="testTestEquals([Lhomework.ch11_13.p3.Course;, boolean)[pri:0, instance:homework.ch11_13.CourseTest@4fb64261]" started-at="2020-04-01T14:03:37Z" name="testTestEquals" data-provider="courseDataProvider" finished-at="2020-04-01T14:03:37Z" duration-ms="0" status="PASS">
          <params>
            <param index="0">
              <value>
                <![CDATA[[Lhomework.ch11_13.p3.Course;@6e75aa0d]]>
              </value>
            </param>
            <param index="1">
              <value>
                <![CDATA[true]]>
              </value>
            </param>
          </params>
          <reporter-output>
          </reporter-output>
        </test-method> <!-- testTestEquals -->
        <test-method signature="testTestEquals([Lhomework.ch11_13.p3.Course;, boolean)[pri:0, instance:homework.ch11_13.CourseTest@4fb64261]" started-at="2020-04-01T14:03:37Z" name="testTestEquals" data-provider="courseDataProvider" finished-at="2020-04-01T14:03:37Z" duration-ms="0" status="PASS">
          <params>
            <param index="0">
              <value>
                <![CDATA[[Lhomework.ch11_13.p3.Course;@7ff95560]]>
              </value>
            </param>
            <param index="1">
              <value>
                <![CDATA[false]]>
              </value>
            </param>
          </params>
          <reporter-output>
          </reporter-output>
        </test-method> <!-- testTestEquals -->
        <test-method signature="testTestEquals([Lhomework.ch11_13.p3.Course;, boolean)[pri:0, instance:homework.ch11_13.CourseTest@4fb64261]" started-at="2020-04-01T14:03:37Z" name="testTestEquals" data-provider="courseDataProvider" finished-at="2020-04-01T14:03:37Z" duration-ms="0" status="PASS">
          <params>
            <param index="0">
              <value>
                <![CDATA[[Lhomework.ch11_13.p3.Course;@527e5409]]>
              </value>
            </param>
            <param index="1">
              <value>
                <![CDATA[false]]>
              </value>
            </param>
          </params>
          <reporter-output>
          </reporter-output>
        </test-method> <!-- testTestEquals -->
        <test-method signature="testTestEquals([Lhomework.ch11_13.p3.Course;, boolean)[pri:0, instance:homework.ch11_13.CourseTest@4fb64261]" started-at="2020-04-01T14:03:37Z" name="testTestEquals" data-provider="courseDataProvider" finished-at="2020-04-01T14:03:37Z" duration-ms="0" status="PASS">
          <params>
            <param index="0">
              <value>
                <![CDATA[[Lhomework.ch11_13.p3.Course;@7fc229ab]]>
              </value>
            </param>
            <param index="1">
              <value>
                <![CDATA[false]]>
              </value>
            </param>
          </params>
          <reporter-output>
          </reporter-output>
        </test-method> <!-- testTestEquals -->
        <test-method signature="testTestEquals([Lhomework.ch11_13.p3.Course;, boolean)[pri:0, instance:homework.ch11_13.CourseTest@4fb64261]" started-at="2020-04-01T14:03:37Z" name="testTestEquals" data-provider="courseDataProvider" finished-at="2020-04-01T14:03:37Z" duration-ms="0" status="PASS">
          <params>
            <param index="0">
              <value>
                <![CDATA[[Lhomework.ch11_13.p3.Course;@1198b989]]>
              </value>
            </param>
            <param index="1">
              <value>
                <![CDATA[false]]>
              </value>
            </param>
          </params>
          <reporter-output>
          </reporter-output>
        </test-method> <!-- testTestEquals -->
        <test-method signature="testTestEquals([Lhomework.ch11_13.p3.Course;, boolean)[pri:0, instance:homework.ch11_13.CourseTest@4fb64261]" started-at="2020-04-01T14:03:37Z" name="testTestEquals" data-provider="courseDataProvider" finished-at="2020-04-01T14:03:37Z" duration-ms="0" status="PASS">
          <params>
            <param index="0">
              <value>
                <![CDATA[[Lhomework.ch11_13.p3.Course;@2cbb3d47]]>
              </value>
            </param>
            <param index="1">
              <value>
                <![CDATA[true]]>
              </value>
            </param>
          </params>
          <reporter-output>
          </reporter-output>
        </test-method> <!-- testTestEquals -->
      </class> <!-- homework.ch11_13.CourseTest -->
    </test> <!-- D:/IdeaWorkspace/TestNGDemo/test/homework/ch11_13/CourseTest.java -->
  </suite> <!-- All Test Suite (0) -->
  <suite started-at="2020-04-01T14:03:37Z" name="All Test Suite (1)" finished-at="2020-04-01T14:03:37Z" duration-ms="168">
    <groups>
    </groups>
    <test started-at="2020-04-01T14:03:37Z" name="D:/IdeaWorkspace/TestNGDemo/test/homework/ch11_13/CompositeComponentTest.java" finished-at="2020-04-01T14:03:37Z" duration-ms="24">
      <class name="homework.ch11_13.CompositeComponentTest">
        <test-method signature="testGetPrice(homework.ch11_13.p4.Component, double)[pri:0, instance:homework.ch11_13.CompositeComponentTest@704d6e83]" started-at="2020-04-01T14:03:37Z" name="testGetPrice" data-provider="compositeComponentDataProvider" finished-at="2020-04-01T14:03:37Z" duration-ms="0" status="PASS">
          <params>
            <param index="0">
              <value>
                <![CDATA[4 ccc1 55.0
Component{id:0 name:aaa1 price:5.0}
Component{id:1 name:aaa2 price:10.0}
5 ccc2 40.0
Component{id:2 name:aaa3 price:15.0}
Component{id:3 name:aaa4 price:25.0}
]]>
              </value>
            </param>
            <param index="1">
              <value>
                <![CDATA[55.0]]>
              </value>
            </param>
          </params>
          <reporter-output>
          </reporter-output>
        </test-method> <!-- testGetPrice -->
        <test-method signature="testGetPrice(homework.ch11_13.p4.Component, double)[pri:0, instance:homework.ch11_13.CompositeComponentTest@704d6e83]" started-at="2020-04-01T14:03:37Z" name="testGetPrice" data-provider="compositeComponentDataProvider" finished-at="2020-04-01T14:03:37Z" duration-ms="0" status="PASS">
          <params>
            <param index="0">
              <value>
                <![CDATA[Component{id:0 name:aaa1 price:5.0}
]]>
              </value>
            </param>
            <param index="1">
              <value>
                <![CDATA[5.0]]>
              </value>
            </param>
          </params>
          <reporter-output>
          </reporter-output>
        </test-method> <!-- testGetPrice -->
        <test-method signature="testGetPrice(homework.ch11_13.p4.Component, double)[pri:0, instance:homework.ch11_13.CompositeComponentTest@704d6e83]" started-at="2020-04-01T14:03:37Z" name="testGetPrice" data-provider="compositeComponentDataProvider" finished-at="2020-04-01T14:03:37Z" duration-ms="0" status="PASS">
          <params>
            <param index="0">
              <value>
                <![CDATA[6 root 0.0
]]>
              </value>
            </param>
            <param index="1">
              <value>
                <![CDATA[0.0]]>
              </value>
            </param>
          </params>
          <reporter-output>
          </reporter-output>
        </test-method> <!-- testGetPrice -->
        <test-method signature="testTestToString(homework.ch11_13.p4.Component, [Ljava.lang.String;)[pri:0, instance:homework.ch11_13.CompositeComponentTest@704d6e83]" started-at="2020-04-01T14:03:37Z" name="testTestToString" data-provider="compositeComponentDataProvider" finished-at="2020-04-01T14:03:37Z" duration-ms="0" status="PASS">
          <params>
            <param index="0">
              <value>
                <![CDATA[6 root 55.0
4 ccc1 55.0
Component{id:0 name:aaa1 price:5.0}
Component{id:1 name:aaa2 price:10.0}
5 ccc2 40.0
Component{id:2 name:aaa3 price:15.0}
Component{id:3 name:aaa4 price:25.0}
]]>
              </value>
            </param>
            <param index="1">
              <value>
                <![CDATA[[Ljava.lang.String;@5bfa9431]]>
              </value>
            </param>
          </params>
          <reporter-output>
          </reporter-output>
        </test-method> <!-- testTestToString -->
        <test-method signature="testAdd(homework.ch11_13.p4.Component, [Lhomework.ch11_13.p4.Component;)[pri:0, instance:homework.ch11_13.CompositeComponentTest@704d6e83]" started-at="2020-04-01T14:03:37Z" name="testAdd" data-provider="compositeComponentDataProvider" finished-at="2020-04-01T14:03:37Z" duration-ms="1" status="PASS">
          <params>
            <param index="0">
              <value>
                <![CDATA[4 ccc1 55.0
Component{id:0 name:aaa1 price:5.0}
Component{id:1 name:aaa2 price:10.0}
5 ccc2 40.0
Component{id:2 name:aaa3 price:15.0}
Component{id:3 name:aaa4 price:25.0}
]]>
              </value>
            </param>
            <param index="1">
              <value>
                <![CDATA[[Lhomework.ch11_13.p4.Component;@43ee72e6]]>
              </value>
            </param>
          </params>
          <reporter-output>
          </reporter-output>
        </test-method> <!-- testAdd -->
        <test-method signature="testAdd(homework.ch11_13.p4.Component, [Lhomework.ch11_13.p4.Component;)[pri:0, instance:homework.ch11_13.CompositeComponentTest@704d6e83]" started-at="2020-04-01T14:03:37Z" name="testAdd" data-provider="compositeComponentDataProvider" finished-at="2020-04-01T14:03:37Z" duration-ms="1" status="PASS">
          <params>
            <param index="0">
              <value>
                <![CDATA[5 ccc2 40.0
Component{id:2 name:aaa3 price:15.0}
Component{id:3 name:aaa4 price:25.0}
]]>
              </value>
            </param>
            <param index="1">
              <value>
                <![CDATA[[Lhomework.ch11_13.p4.Component;@23529fee]]>
              </value>
            </param>
          </params>
          <reporter-output>
          </reporter-output>
        </test-method> <!-- testAdd -->
        <test-method signature="testRemove(homework.ch11_13.p4.Component, [Lhomework.ch11_13.p4.Component;)[pri:0, instance:homework.ch11_13.CompositeComponentTest@704d6e83]" started-at="2020-04-01T14:03:37Z" name="testRemove" data-provider="compositeComponentDataProvider" finished-at="2020-04-01T14:03:37Z" duration-ms="0" status="PASS">
          <params>
            <param index="0">
              <value>
                <![CDATA[5 ccc2 0.0
]]>
              </value>
            </param>
            <param index="1">
              <value>
                <![CDATA[[Lhomework.ch11_13.p4.Component;@2805c96b]]>
              </value>
            </param>
          </params>
          <reporter-output>
          </reporter-output>
        </test-method> <!-- testRemove -->
        <test-method signature="testRemove(homework.ch11_13.p4.Component, [Lhomework.ch11_13.p4.Component;)[pri:0, instance:homework.ch11_13.CompositeComponentTest@704d6e83]" started-at="2020-04-01T14:03:37Z" name="testRemove" data-provider="compositeComponentDataProvider" finished-at="2020-04-01T14:03:37Z" duration-ms="0" status="PASS">
          <params>
            <param index="0">
              <value>
                <![CDATA[6 root 0.0
]]>
              </value>
            </param>
            <param index="1">
              <value>
                <![CDATA[[Lhomework.ch11_13.p4.Component;@2fd6b6c7]]>
              </value>
            </param>
          </params>
          <reporter-output>
          </reporter-output>
        </test-method> <!-- testRemove -->
        <test-method signature="testRemove(homework.ch11_13.p4.Component, [Lhomework.ch11_13.p4.Component;)[pri:0, instance:homework.ch11_13.CompositeComponentTest@704d6e83]" started-at="2020-04-01T14:03:37Z" name="testRemove" data-provider="compositeComponentDataProvider" finished-at="2020-04-01T14:03:37Z" duration-ms="0" status="PASS">
          <params>
            <param index="0">
              <value>
                <![CDATA[4 ccc1 0.0
]]>
              </value>
            </param>
            <param index="1">
              <value>
                <![CDATA[[Lhomework.ch11_13.p4.Component;@184cf7cf]]>
              </value>
            </param>
          </params>
          <reporter-output>
          </reporter-output>
        </test-method> <!-- testRemove -->
        <test-method signature="testAdd(homework.ch11_13.p4.Component, [Lhomework.ch11_13.p4.Component;)[pri:0, instance:homework.ch11_13.CompositeComponentTest@704d6e83]" started-at="2020-04-01T14:03:37Z" name="testAdd" data-provider="compositeComponentDataProvider" finished-at="2020-04-01T14:03:37Z" duration-ms="0" status="PASS">
          <params>
            <param index="0">
              <value>
                <![CDATA[6 root 55.0
4 ccc1 55.0
Component{id:0 name:aaa1 price:5.0}
Component{id:1 name:aaa2 price:10.0}
5 ccc2 40.0
Component{id:2 name:aaa3 price:15.0}
Component{id:3 name:aaa4 price:25.0}
]]>
              </value>
            </param>
            <param index="1">
              <value>
                <![CDATA[[Lhomework.ch11_13.p4.Component;@4fe767f3]]>
              </value>
            </param>
          </params>
          <reporter-output>
          </reporter-output>
        </test-method> <!-- testAdd -->
        <test-method signature="testCalcPrice(homework.ch11_13.p4.Component, double)[pri:0, instance:homework.ch11_13.CompositeComponentTest@704d6e83]" started-at="2020-04-01T14:03:37Z" name="testCalcPrice" data-provider="compositeComponentDataProvider" finished-at="2020-04-01T14:03:37Z" duration-ms="0" status="PASS">
          <params>
            <param index="0">
              <value>
                <![CDATA[Component{id:0 name:aaa1 price:5.0}
]]>
              </value>
            </param>
            <param index="1">
              <value>
                <![CDATA[5.0]]>
              </value>
            </param>
          </params>
          <reporter-output>
          </reporter-output>
        </test-method> <!-- testCalcPrice -->
        <test-method signature="testCalcPrice(homework.ch11_13.p4.Component, double)[pri:0, instance:homework.ch11_13.CompositeComponentTest@704d6e83]" started-at="2020-04-01T14:03:37Z" name="testCalcPrice" data-provider="compositeComponentDataProvider" finished-at="2020-04-01T14:03:37Z" duration-ms="1" status="PASS">
          <params>
            <param index="0">
              <value>
                <![CDATA[6 root 0.0
]]>
              </value>
            </param>
            <param index="1">
              <value>
                <![CDATA[0.0]]>
              </value>
            </param>
          </params>
          <reporter-output>
          </reporter-output>
        </test-method> <!-- testCalcPrice -->
        <test-method signature="testIterator(homework.ch11_13.p4.Component, java.lang.Class)[pri:0, instance:homework.ch11_13.CompositeComponentTest@704d6e83]" started-at="2020-04-01T14:03:37Z" name="testIterator" data-provider="compositeComponentDataProvider" finished-at="2020-04-01T14:03:37Z" duration-ms="0" status="PASS">
          <params>
            <param index="0">
              <value>
                <![CDATA[4 ccc1 0.0
]]>
              </value>
            </param>
            <param index="1">
              <value>
                <![CDATA[class homework.ch11_13.p4.CompositeIterator]]>
              </value>
            </param>
          </params>
          <reporter-output>
          </reporter-output>
        </test-method> <!-- testIterator -->
        <test-method signature="testCalcPrice(homework.ch11_13.p4.Component, double)[pri:0, instance:homework.ch11_13.CompositeComponentTest@704d6e83]" started-at="2020-04-01T14:03:37Z" name="testCalcPrice" data-provider="compositeComponentDataProvider" finished-at="2020-04-01T14:03:37Z" duration-ms="0" status="PASS">
          <params>
            <param index="0">
              <value>
                <![CDATA[4 ccc1 55.0
Component{id:0 name:aaa1 price:5.0}
Component{id:1 name:aaa2 price:10.0}
5 ccc2 40.0
Component{id:2 name:aaa3 price:15.0}
Component{id:3 name:aaa4 price:25.0}
]]>
              </value>
            </param>
            <param index="1">
              <value>
                <![CDATA[55.0]]>
              </value>
            </param>
          </params>
          <reporter-output>
          </reporter-output>
        </test-method> <!-- testCalcPrice -->
      </class> <!-- homework.ch11_13.CompositeComponentTest -->
    </test> <!-- D:/IdeaWorkspace/TestNGDemo/test/homework/ch11_13/CompositeComponentTest.java -->
    <test started-at="2020-04-01T14:03:37Z" name="D:/IdeaWorkspace/TestNGDemo/test/homework/ch11_13/AtomicComponentTest.java" finished-at="2020-04-01T14:03:37Z" duration-ms="7">
      <class name="homework.ch11_13.AtomicComponentTest">
        <test-method signature="testGetId(homework.ch11_13.p4.Component, int)[pri:0, instance:homework.ch11_13.AtomicComponentTest@954b04f]" started-at="2020-04-01T14:03:37Z" name="testGetId" data-provider="atomicComponentDataProvider" finished-at="2020-04-01T14:03:37Z" duration-ms="0" status="PASS">
          <params>
            <param index="0">
              <value>
                <![CDATA[Component{id:1 name:key board price:5.0}
]]>
              </value>
            </param>
            <param index="1">
              <value>
                <![CDATA[1]]>
              </value>
            </param>
          </params>
          <reporter-output>
          </reporter-output>
        </test-method> <!-- testGetId -->
        <test-method signature="testSetName(homework.ch11_13.p4.Component, java.lang.String)[pri:0, instance:homework.ch11_13.AtomicComponentTest@954b04f]" started-at="2020-04-01T14:03:37Z" name="testSetName" data-provider="atomicComponentDataProvider" finished-at="2020-04-01T14:03:37Z" duration-ms="0" status="PASS">
          <params>
            <param index="0">
              <value>
                <![CDATA[Component{id:0 name:key board 1 price:0.0}
]]>
              </value>
            </param>
            <param index="1">
              <value>
                <![CDATA[key board 1]]>
              </value>
            </param>
          </params>
          <reporter-output>
          </reporter-output>
        </test-method> <!-- testSetName -->
        <test-method signature="testGetName(homework.ch11_13.p4.Component, java.lang.String)[pri:0, instance:homework.ch11_13.AtomicComponentTest@954b04f]" started-at="2020-04-01T14:03:37Z" name="testGetName" data-provider="atomicComponentDataProvider" finished-at="2020-04-01T14:03:37Z" duration-ms="0" status="PASS">
          <params>
            <param index="0">
              <value>
                <![CDATA[Component{id:1 name:key board price:5.0}
]]>
              </value>
            </param>
            <param index="1">
              <value>
                <![CDATA[key board]]>
              </value>
            </param>
          </params>
          <reporter-output>
          </reporter-output>
        </test-method> <!-- testGetName -->
        <test-method signature="testSetId(homework.ch11_13.p4.Component, int)[pri:0, instance:homework.ch11_13.AtomicComponentTest@954b04f]" started-at="2020-04-01T14:03:37Z" name="testSetId" data-provider="atomicComponentDataProvider" finished-at="2020-04-01T14:03:37Z" duration-ms="0" status="PASS">
          <params>
            <param index="0">
              <value>
                <![CDATA[Component{id:10 name:null price:0.0}
]]>
              </value>
            </param>
            <param index="1">
              <value>
                <![CDATA[10]]>
              </value>
            </param>
          </params>
          <reporter-output>
          </reporter-output>
        </test-method> <!-- testSetId -->
        <test-method signature="testGetPrice(homework.ch11_13.p4.Component, double)[pri:0, instance:homework.ch11_13.AtomicComponentTest@954b04f]" started-at="2020-04-01T14:03:37Z" name="testGetPrice" data-provider="atomicComponentDataProvider" finished-at="2020-04-01T14:03:37Z" duration-ms="1" status="PASS">
          <params>
            <param index="0">
              <value>
                <![CDATA[Component{id:1 name:key board price:5.0}
]]>
              </value>
            </param>
            <param index="1">
              <value>
                <![CDATA[5.0]]>
              </value>
            </param>
          </params>
          <reporter-output>
          </reporter-output>
        </test-method> <!-- testGetPrice -->
        <test-method signature="testTestToString(homework.ch11_13.p4.Component, [Ljava.lang.String;)[pri:0, instance:homework.ch11_13.AtomicComponentTest@954b04f]" started-at="2020-04-01T14:03:37Z" name="testTestToString" data-provider="atomicComponentDataProvider" finished-at="2020-04-01T14:03:37Z" duration-ms="0" status="PASS">
          <params>
            <param index="0">
              <value>
                <![CDATA[Component{id:1 name:key board price:5.0}
]]>
              </value>
            </param>
            <param index="1">
              <value>
                <![CDATA[[Ljava.lang.String;@45018215]]>
              </value>
            </param>
          </params>
          <reporter-output>
          </reporter-output>
        </test-method> <!-- testTestToString -->
        <test-method signature="testAdd(homework.ch11_13.p4.Component, homework.ch11_13.p4.Component)[pri:0, instance:homework.ch11_13.AtomicComponentTest@954b04f]" started-at="2020-04-01T14:03:37Z" name="testAdd" data-provider="atomicComponentDataProvider" finished-at="2020-04-01T14:03:37Z" duration-ms="1" status="PASS">
          <params>
            <param index="0">
              <value>
                <![CDATA[Component{id:1 name:key board price:5.0}
]]>
              </value>
            </param>
            <param index="1">
              <value>
                <![CDATA[Component{id:1 name:key board price:5.0}
]]>
              </value>
            </param>
          </params>
          <exception class="java.lang.UnsupportedOperationException">
            <full-stacktrace>
              <![CDATA[java.lang.UnsupportedOperationException
at homework.ch11_13.p4.AtomicComponent.add(AtomicComponent.java:11)
at homework.ch11_13.AtomicComponentTest.testAdd(AtomicComponentTest.java:68)
at java.base/jdk.internal.reflect.NativeMethodAccessorImpl.invoke0(Native Method)
at java.base/jdk.internal.reflect.NativeMethodAccessorImpl.invoke(NativeMethodAccessorImpl.java:62)
at java.base/jdk.internal.reflect.DelegatingMethodAccessorImpl.invoke(DelegatingMethodAccessorImpl.java:43)
at java.base/java.lang.reflect.Method.invoke(Method.java:567)
at org.testng.internal.MethodInvocationHelper.invokeMethod(MethodInvocationHelper.java:124)
at org.testng.internal.Invoker.invokeMethod(Invoker.java:583)
at org.testng.internal.Invoker.invokeTestMethod(Invoker.java:719)
at org.testng.internal.Invoker.invokeTestMethods(Invoker.java:989)
at org.testng.internal.TestMethodWorker.invokeTestMethods(TestMethodWorker.java:125)
at org.testng.internal.TestMethodWorker.run(TestMethodWorker.java:109)
at org.testng.TestRunner.privateRun(TestRunner.java:648)
at org.testng.TestRunner.run(TestRunner.java:505)
at org.testng.SuiteRunner.runTest(SuiteRunner.java:455)
at org.testng.SuiteRunner.runSequentially(SuiteRunner.java:450)
at org.testng.SuiteRunner.privateRun(SuiteRunner.java:415)
at org.testng.SuiteRunner.run(SuiteRunner.java:364)
at org.testng.SuiteRunnerWorker.runSuite(SuiteRunnerWorker.java:52)
at org.testng.SuiteRunnerWorker.run(SuiteRunnerWorker.java:84)
at org.testng.TestNG.runSuitesSequentially(TestNG.java:1208)
at org.testng.TestNG.runSuitesSequentially(TestNG.java:1204)
at org.testng.TestNG.runSuitesLocally(TestNG.java:1137)
at org.testng.TestNG.runSuites(TestNG.java:1049)
at org.testng.TestNG.run(TestNG.java:1017)
at org.testng.TestNG.privateMain(TestNG.java:1354)
at org.testng.TestNG.main(TestNG.java:1323)
]]>
            </full-stacktrace>
          </exception> <!-- java.lang.UnsupportedOperationException -->
          <reporter-output>
          </reporter-output>
        </test-method> <!-- testAdd -->
        <test-method signature="testSetPrice(homework.ch11_13.p4.Component, double)[pri:0, instance:homework.ch11_13.AtomicComponentTest@954b04f]" started-at="2020-04-01T14:03:37Z" name="testSetPrice" data-provider="atomicComponentDataProvider" finished-at="2020-04-01T14:03:37Z" duration-ms="0" status="PASS">
          <params>
            <param index="0">
              <value>
                <![CDATA[Component{id:0 name:null price:10.0}
]]>
              </value>
            </param>
            <param index="1">
              <value>
                <![CDATA[10.0]]>
              </value>
            </param>
          </params>
          <reporter-output>
          </reporter-output>
        </test-method> <!-- testSetPrice -->
        <test-method signature="testRemove(homework.ch11_13.p4.Component, homework.ch11_13.p4.Component)[pri:0, instance:homework.ch11_13.AtomicComponentTest@954b04f]" started-at="2020-04-01T14:03:37Z" name="testRemove" data-provider="atomicComponentDataProvider" finished-at="2020-04-01T14:03:37Z" duration-ms="0" status="PASS">
          <params>
            <param index="0">
              <value>
                <![CDATA[Component{id:1 name:key board price:5.0}
]]>
              </value>
            </param>
            <param index="1">
              <value>
                <![CDATA[Component{id:1 name:key board price:5.0}
]]>
              </value>
            </param>
          </params>
          <exception class="java.lang.UnsupportedOperationException">
            <full-stacktrace>
              <![CDATA[java.lang.UnsupportedOperationException
at homework.ch11_13.p4.AtomicComponent.remove(AtomicComponent.java:15)
at homework.ch11_13.AtomicComponentTest.testRemove(AtomicComponentTest.java:76)
at java.base/jdk.internal.reflect.NativeMethodAccessorImpl.invoke0(Native Method)
at java.base/jdk.internal.reflect.NativeMethodAccessorImpl.invoke(NativeMethodAccessorImpl.java:62)
at java.base/jdk.internal.reflect.DelegatingMethodAccessorImpl.invoke(DelegatingMethodAccessorImpl.java:43)
at java.base/java.lang.reflect.Method.invoke(Method.java:567)
at org.testng.internal.MethodInvocationHelper.invokeMethod(MethodInvocationHelper.java:124)
at org.testng.internal.Invoker.invokeMethod(Invoker.java:583)
at org.testng.internal.Invoker.invokeTestMethod(Invoker.java:719)
at org.testng.internal.Invoker.invokeTestMethods(Invoker.java:989)
at org.testng.internal.TestMethodWorker.invokeTestMethods(TestMethodWorker.java:125)
at org.testng.internal.TestMethodWorker.run(TestMethodWorker.java:109)
at org.testng.TestRunner.privateRun(TestRunner.java:648)
at org.testng.TestRunner.run(TestRunner.java:505)
at org.testng.SuiteRunner.runTest(SuiteRunner.java:455)
at org.testng.SuiteRunner.runSequentially(SuiteRunner.java:450)
at org.testng.SuiteRunner.privateRun(SuiteRunner.java:415)
at org.testng.SuiteRunner.run(SuiteRunner.java:364)
at org.testng.SuiteRunnerWorker.runSuite(SuiteRunnerWorker.java:52)
at org.testng.SuiteRunnerWorker.run(SuiteRunnerWorker.java:84)
at org.testng.TestNG.runSuitesSequentially(TestNG.java:1208)
at org.testng.TestNG.runSuitesSequentially(TestNG.java:1204)
at org.testng.TestNG.runSuitesLocally(TestNG.java:1137)
at org.testng.TestNG.runSuites(TestNG.java:1049)
at org.testng.TestNG.run(TestNG.java:1017)
at org.testng.TestNG.privateMain(TestNG.java:1354)
at org.testng.TestNG.main(TestNG.java:1323)
]]>
            </full-stacktrace>
          </exception> <!-- java.lang.UnsupportedOperationException -->
          <reporter-output>
          </reporter-output>
        </test-method> <!-- testRemove -->
        <test-method signature="testCalcPrice(homework.ch11_13.p4.Component, double)[pri:0, instance:homework.ch11_13.AtomicComponentTest@954b04f]" started-at="2020-04-01T14:03:37Z" name="testCalcPrice" data-provider="atomicComponentDataProvider" finished-at="2020-04-01T14:03:37Z" duration-ms="0" status="PASS">
          <params>
            <param index="0">
              <value>
                <![CDATA[Component{id:1 name:key board price:5.0}
]]>
              </value>
            </param>
            <param index="1">
              <value>
                <![CDATA[5.0]]>
              </value>
            </param>
          </params>
          <reporter-output>
          </reporter-output>
        </test-method> <!-- testCalcPrice -->
        <test-method signature="testIterator(homework.ch11_13.p4.Component, java.lang.Class)[pri:0, instance:homework.ch11_13.AtomicComponentTest@954b04f]" started-at="2020-04-01T14:03:37Z" name="testIterator" data-provider="atomicComponentDataProvider" finished-at="2020-04-01T14:03:37Z" duration-ms="0" status="PASS">
          <params>
            <param index="0">
              <value>
                <![CDATA[Component{id:1 name:key board price:5.0}
]]>
              </value>
            </param>
            <param index="1">
              <value>
                <![CDATA[class homework.ch11_13.p4.NullIterator]]>
              </value>
            </param>
          </params>
          <reporter-output>
          </reporter-output>
        </test-method> <!-- testIterator -->
      </class> <!-- homework.ch11_13.AtomicComponentTest -->
    </test> <!-- D:/IdeaWorkspace/TestNGDemo/test/homework/ch11_13/AtomicComponentTest.java -->
    <test started-at="2020-04-01T14:03:37Z" name="D:/IdeaWorkspace/TestNGDemo/test/homework/ch11_13/ComponentListTest.java" finished-at="2020-04-01T14:03:37Z" duration-ms="4">
      <class name="homework.ch11_13.ComponentListTest">
        <test-method signature="testHasNext(homework.ch11_13.p4.Iterator, homework.ch11_13.p4.Iterator)[pri:0, instance:homework.ch11_13.ComponentListTest@548ad73b]" started-at="2020-04-01T14:03:37Z" name="testHasNext" data-provider="componentListDataProvider" finished-at="2020-04-01T14:03:37Z" duration-ms="1" status="PASS">
          <params>
            <param index="0">
              <value>
                <![CDATA[[]]]>
              </value>
            </param>
            <param index="1">
              <value>
                <![CDATA[[Component{id:1 name:key board price:1.0}
, Component{id:2 name:mouse  price:5.0}
]]]>
              </value>
            </param>
          </params>
          <reporter-output>
          </reporter-output>
        </test-method> <!-- testHasNext -->
        <test-method signature="testNext(homework.ch11_13.p4.Iterator, [Lhomework.ch11_13.p4.Component;)[pri:0, instance:homework.ch11_13.ComponentListTest@548ad73b]" started-at="2020-04-01T14:03:37Z" name="testNext" data-provider="componentListDataProvider" finished-at="2020-04-01T14:03:37Z" duration-ms="0" status="PASS">
          <params>
            <param index="0">
              <value>
                <![CDATA[[Component{id:1 name:key board price:1.0}
, Component{id:2 name:mouse  price:5.0}
]]]>
              </value>
            </param>
            <param index="1">
              <value>
                <![CDATA[[Lhomework.ch11_13.p4.Component;@27ae2fd0]]>
              </value>
            </param>
          </params>
          <reporter-output>
          </reporter-output>
        </test-method> <!-- testNext -->
        <test-method signature="testNext(homework.ch11_13.p4.Iterator, [Lhomework.ch11_13.p4.Component;)[pri:0, instance:homework.ch11_13.ComponentListTest@548ad73b]" started-at="2020-04-01T14:03:37Z" name="testNext" data-provider="componentListDataProvider" finished-at="2020-04-01T14:03:37Z" duration-ms="0" status="PASS">
          <params>
            <param index="0">
              <value>
                <![CDATA[[]]]>
              </value>
            </param>
            <param index="1">
              <value>
                <![CDATA[[Lhomework.ch11_13.p4.Component;@2928854b]]>
              </value>
            </param>
          </params>
          <reporter-output>
          </reporter-output>
        </test-method> <!-- testNext -->
      </class> <!-- homework.ch11_13.ComponentListTest -->
    </test> <!-- D:/IdeaWorkspace/TestNGDemo/test/homework/ch11_13/ComponentListTest.java -->
    <test started-at="2020-04-01T14:03:37Z" name="D:/IdeaWorkspace/TestNGDemo/test/homework/ch11_13/CompositeIteratorTest.java" finished-at="2020-04-01T14:03:37Z" duration-ms="2">
      <class name="homework.ch11_13.CompositeIteratorTest">
        <test-method signature="testNext(homework.ch11_13.p4.Component, [Lhomework.ch11_13.p4.Component;)[pri:0, instance:homework.ch11_13.CompositeIteratorTest@16f7c8c1]" started-at="2020-04-01T14:03:37Z" name="testNext" data-provider="compositeIteratorDataProvider" finished-at="2020-04-01T14:03:37Z" duration-ms="1" status="PASS">
          <params>
            <param index="0">
              <value>
                <![CDATA[6 root 55.0
4 ccc1 55.0
Component{id:0 name:aaa1 price:5.0}
Component{id:1 name:aaa2 price:10.0}
5 ccc2 40.0
Component{id:2 name:aaa3 price:15.0}
Component{id:3 name:aaa4 price:25.0}
]]>
              </value>
            </param>
            <param index="1">
              <value>
                <![CDATA[[Lhomework.ch11_13.p4.Component;@61dd025]]>
              </value>
            </param>
          </params>
          <reporter-output>
          </reporter-output>
        </test-method> <!-- testNext -->
        <test-method signature="testHasNext(homework.ch11_13.p4.Component, [Lhomework.ch11_13.p4.Component;)[pri:0, instance:homework.ch11_13.CompositeIteratorTest@16f7c8c1]" started-at="2020-04-01T14:03:37Z" name="testHasNext" data-provider="compositeIteratorDataProvider" finished-at="2020-04-01T14:03:37Z" duration-ms="0" status="PASS">
          <params>
            <param index="0">
              <value>
                <![CDATA[6 root 55.0
4 ccc1 55.0
Component{id:0 name:aaa1 price:5.0}
Component{id:1 name:aaa2 price:10.0}
5 ccc2 40.0
Component{id:2 name:aaa3 price:15.0}
Component{id:3 name:aaa4 price:25.0}
]]>
              </value>
            </param>
            <param index="1">
              <value>
                <![CDATA[[Lhomework.ch11_13.p4.Component;@147ed70f]]>
              </value>
            </param>
          </params>
          <reporter-output>
          </reporter-output>
        </test-method> <!-- testHasNext -->
      </class> <!-- homework.ch11_13.CompositeIteratorTest -->
    </test> <!-- D:/IdeaWorkspace/TestNGDemo/test/homework/ch11_13/CompositeIteratorTest.java -->
    <test started-at="2020-04-01T14:03:37Z" name="D:/IdeaWorkspace/TestNGDemo/test/homework/ch11_13/NullIteratorTest.java" finished-at="2020-04-01T14:03:37Z" duration-ms="3">
      <class name="homework.ch11_13.NullIteratorTest">
        <test-method signature="testHasNext(homework.ch11_13.p4.Iterator)[pri:0, instance:homework.ch11_13.NullIteratorTest@5579bb86]" started-at="2020-04-01T14:03:37Z" name="testHasNext" data-provider="nullIteratorDataProvider" finished-at="2020-04-01T14:03:37Z" duration-ms="0" status="PASS">
          <params>
            <param index="0">
              <value>
                <![CDATA[homework.ch11_13.p4.NullIterator@1fe20588]]>
              </value>
            </param>
          </params>
          <reporter-output>
          </reporter-output>
        </test-method> <!-- testHasNext -->
        <test-method signature="testNext(homework.ch11_13.p4.Iterator)[pri:0, instance:homework.ch11_13.NullIteratorTest@5579bb86]" started-at="2020-04-01T14:03:37Z" name="testNext" data-provider="nullIteratorDataProvider" finished-at="2020-04-01T14:03:37Z" duration-ms="0" status="PASS">
          <params>
            <param index="0">
              <value>
                <![CDATA[homework.ch11_13.p4.NullIterator@6ce139a4]]>
              </value>
            </param>
          </params>
          <reporter-output>
          </reporter-output>
        </test-method> <!-- testNext -->
      </class> <!-- homework.ch11_13.NullIteratorTest -->
    </test> <!-- D:/IdeaWorkspace/TestNGDemo/test/homework/ch11_13/NullIteratorTest.java -->
  </suite> <!-- All Test Suite (1) -->
</testng-results>
