<?xml version="1.0" encoding="UTF-8"?>
<!-- Generated by org.testng.reporters.JUnitReportReporter -->
<testsuite hostname="DESKTOP-DQJ7OFS" failures="0" tests="1" name="hust.cs.javacourse.search.parse.PatternTermTupleFilterTest" time="0.000" errors="0" timestamp="22 5月 2020 14:42:11 GMT" skipped="1">
  <testcase classname="hust.cs.javacourse.search.parse.PatternTermTupleFilterTest" name="testNext" time="0.000">
    <skipped/>
  </testcase> <!-- testNext -->
</testsuite> <!-- hust.cs.javacourse.search.parse.PatternTermTupleFilterTest -->
